  main.cpp
C:\Users\hperk\Khajiit_Dev\PetProjects\c++\Learning\SFML\main.cpp(33,43): warning C4305: 'argument': truncation from 'double' to 'T'
C:\Users\hperk\Khajiit_Dev\PetProjects\c++\Learning\SFML\main.cpp(33,43): warning C4305:         with
C:\Users\hperk\Khajiit_Dev\PetProjects\c++\Learning\SFML\main.cpp(33,43): warning C4305:         [
C:\Users\hperk\Khajiit_Dev\PetProjects\c++\Learning\SFML\main.cpp(33,43): warning C4305:             T=float
C:\Users\hperk\Khajiit_Dev\PetProjects\c++\Learning\SFML\main.cpp(33,43): warning C4305:         ]
C:\Users\hperk\Khajiit_Dev\PetProjects\c++\Learning\SFML\main.cpp(33,38): warning C4305: 'argument': truncation from 'double' to 'T'
C:\Users\hperk\Khajiit_Dev\PetProjects\c++\Learning\SFML\main.cpp(33,38): warning C4305:         with
C:\Users\hperk\Khajiit_Dev\PetProjects\c++\Learning\SFML\main.cpp(33,38): warning C4305:         [
C:\Users\hperk\Khajiit_Dev\PetProjects\c++\Learning\SFML\main.cpp(33,38): warning C4305:             T=float
C:\Users\hperk\Khajiit_Dev\PetProjects\c++\Learning\SFML\main.cpp(33,38): warning C4305:         ]
C:\Users\hperk\Khajiit_Dev\PetProjects\c++\Learning\SFML\main.cpp(54,56): warning C4305: 'argument': truncation from 'double' to 'T'
C:\Users\hperk\Khajiit_Dev\PetProjects\c++\Learning\SFML\main.cpp(54,56): warning C4305:         with
C:\Users\hperk\Khajiit_Dev\PetProjects\c++\Learning\SFML\main.cpp(54,56): warning C4305:         [
C:\Users\hperk\Khajiit_Dev\PetProjects\c++\Learning\SFML\main.cpp(54,56): warning C4305:             T=float
C:\Users\hperk\Khajiit_Dev\PetProjects\c++\Learning\SFML\main.cpp(54,56): warning C4305:         ]
C:\Users\hperk\Khajiit_Dev\PetProjects\c++\Learning\SFML\main.cpp(58,57): warning C4305: 'argument': truncation from 'double' to 'T'
C:\Users\hperk\Khajiit_Dev\PetProjects\c++\Learning\SFML\main.cpp(58,57): warning C4305:         with
C:\Users\hperk\Khajiit_Dev\PetProjects\c++\Learning\SFML\main.cpp(58,57): warning C4305:         [
C:\Users\hperk\Khajiit_Dev\PetProjects\c++\Learning\SFML\main.cpp(58,57): warning C4305:             T=float
C:\Users\hperk\Khajiit_Dev\PetProjects\c++\Learning\SFML\main.cpp(58,57): warning C4305:         ]
C:\Users\hperk\Khajiit_Dev\PetProjects\c++\Learning\SFML\main.cpp(62,60): warning C4305: 'argument': truncation from 'double' to 'T'
C:\Users\hperk\Khajiit_Dev\PetProjects\c++\Learning\SFML\main.cpp(62,60): warning C4305:         with
C:\Users\hperk\Khajiit_Dev\PetProjects\c++\Learning\SFML\main.cpp(62,60): warning C4305:         [
C:\Users\hperk\Khajiit_Dev\PetProjects\c++\Learning\SFML\main.cpp(62,60): warning C4305:             T=float
C:\Users\hperk\Khajiit_Dev\PetProjects\c++\Learning\SFML\main.cpp(62,60): warning C4305:         ]
C:\Users\hperk\Khajiit_Dev\PetProjects\c++\Learning\SFML\main.cpp(66,59): warning C4305: 'argument': truncation from 'double' to 'T'
C:\Users\hperk\Khajiit_Dev\PetProjects\c++\Learning\SFML\main.cpp(66,59): warning C4305:         with
C:\Users\hperk\Khajiit_Dev\PetProjects\c++\Learning\SFML\main.cpp(66,59): warning C4305:         [
C:\Users\hperk\Khajiit_Dev\PetProjects\c++\Learning\SFML\main.cpp(66,59): warning C4305:             T=float
C:\Users\hperk\Khajiit_Dev\PetProjects\c++\Learning\SFML\main.cpp(66,59): warning C4305:         ]
  Generating code
  1 of 106 functions ( 0.9%) were compiled, the rest were copied from previous compilation.
    0 functions were new in current compilation
    0 functions had inline decision re-evaluated but remain unchanged
  Finished generating code
  SFML.vcxproj -> C:\Users\hperk\Khajiit_Dev\PetProjects\c++\Learning\SFML\x64\Release\SFML.exe
